# JRE version: OpenJDK Runtime Environment Temurin-17.0.10+7 (17.0.10+7) (build 17.0.10+7)
# Java VM: OpenJDK 64-Bit Server VM Temurin-17.0.10+7 (17.0.10+7, mixed mode, tiered, compressed oops, compressed class ptrs, parallel gc, windows-amd64)
GC Precious Log:
 CPUs: 16 total, 16 available
 Memory: 32696M
 Large Page Support: Disabled
 NUMA Support: Disabled
 Compressed Oops: Enabled (32-bit)
 Alignments: Space 512K, Generation 512K, Heap 2M
 Heap Min Capacity: 100M
 Heap Initial Capacity: 100M
 Heap Max Capacity: 1G
 Pre-touch: Disabled
 Parallel Workers: 13
Heap:
 PSYoungGen      total 6656K, used 1664K [0x00000000eab00000, 0x00000000eb400000, 0x0000000100000000)
  eden space 4096K, 0% used [0x00000000eab00000,0x00000000eab00000,0x00000000eaf00000)
  from space 2560K, 65% used [0x00000000eaf00000,0x00000000eb0a0000,0x00000000eb180000)
  to   space 2048K, 0% used [0x00000000eb200000,0x00000000eb200000,0x00000000eb400000)
 ParOldGen       total 288256K, used 286988K [0x00000000c0000000, 0x00000000d1980000, 0x00000000eab00000)
  object space 288256K, 99% used [0x00000000c0000000,0x00000000d1843358,0x00000000d1980000)
 Metaspace       used 82741K, committed 84160K, reserved 1179648K
  class space    used 8680K, committed 9216K, reserved 1048576K
GC Heap History (20 events):
Event: 32.836 GC heap after
{Heap after GC invocations=271 (full 9):
 PSYoungGen      total 6144K, used 1376K [0x00000000eab00000, 0x00000000eb300000, 0x0000000100000000)
  eden space 4608K, 0% used [0x00000000eab00000,0x00000000eab00000,0x00000000eaf80000)
  from space 1536K, 89% used [0x00000000eb180000,0x00000000eb2d8000,0x00000000eb300000)
  to   space 1536K, 0% used [0x00000000eb000000,0x00000000eb000000,0x00000000eb180000)
 ParOldGen       total 288256K, used 276463K [0x00000000c0000000, 0x00000000d1980000, 0x00000000eab00000)
  object space 288256K, 95% used [0x00000000c0000000,0x00000000d0dfbd18,0x00000000d1980000)
 Metaspace       used 82739K, committed 84160K, reserved 1179648K
  class space    used 8680K, committed 9216K, reserved 1048576K
}
Event: 32.844 GC heap before
{Heap before GC invocations=272 (full 9):
 PSYoungGen      total 6144K, used 5984K [0x00000000eab00000, 0x00000000eb300000, 0x0000000100000000)
  eden space 4608K, 100% used [0x00000000eab00000,0x00000000eaf80000,0x00000000eaf80000)
  from space 1536K, 89% used [0x00000000eb180000,0x00000000eb2d8000,0x00000000eb300000)
  to   space 1536K, 0% used [0x00000000eb000000,0x00000000eb000000,0x00000000eb180000)
 ParOldGen       total 288256K, used 276463K [0x00000000c0000000, 0x00000000d1980000, 0x00000000eab00000)
  object space 288256K, 95% used [0x00000000c0000000,0x00000000d0dfbd18,0x00000000d1980000)
 Metaspace       used 82739K, committed 84160K, reserved 1179648K
  class space    used 8680K, committed 9216K, reserved 1048576K
}
Event: 32.845 GC heap after
{Heap after GC invocations=272 (full 9):
 PSYoungGen      total 6656K, used 1536K [0x00000000eab00000, 0x00000000eb680000, 0x0000000100000000)
  eden space 5120K, 0% used [0x00000000eab00000,0x00000000eab00000,0x00000000eb000000)
  from space 1536K, 100% used [0x00000000eb000000,0x00000000eb180000,0x00000000eb180000)
  to   space 3072K, 0% used [0x00000000eb380000,0x00000000eb380000,0x00000000eb680000)
 ParOldGen       total 288256K, used 277474K [0x00000000c0000000, 0x00000000d1980000, 0x00000000eab00000)
  object space 288256K, 96% used [0x00000000c0000000,0x00000000d0ef8888,0x00000000d1980000)
 Metaspace       used 82739K, committed 84160K, reserved 1179648K
  class space    used 8680K, committed 9216K, reserved 1048576K
}
Event: 32.856 GC heap before
{Heap before GC invocations=273 (full 9):
 PSYoungGen      total 6656K, used 6656K [0x00000000eab00000, 0x00000000eb680000, 0x0000000100000000)
  eden space 5120K, 100% used [0x00000000eab00000,0x00000000eb000000,0x00000000eb000000)
  from space 1536K, 100% used [0x00000000eb000000,0x00000000eb180000,0x00000000eb180000)
  to   space 3072K, 0% used [0x00000000eb380000,0x00000000eb380000,0x00000000eb680000)
 ParOldGen       total 288256K, used 277474K [0x00000000c0000000, 0x00000000d1980000, 0x00000000eab00000)
  object space 288256K, 96% used [0x00000000c0000000,0x00000000d0ef8888,0x00000000d1980000)
 Metaspace       used 82739K, committed 84160K, reserved 1179648K
  class space    used 8680K, committed 9216K, reserved 1048576K
}
Event: 32.857 GC heap after
{Heap after GC invocations=273 (full 9):
 PSYoungGen      total 7168K, used 928K [0x00000000eab00000, 0x00000000eb480000, 0x0000000100000000)
  eden space 6144K, 0% used [0x00000000eab00000,0x00000000eab00000,0x00000000eb100000)
  from space 1024K, 90% used [0x00000000eb380000,0x00000000eb468000,0x00000000eb480000)
  to   space 1536K, 0% used [0x00000000eb180000,0x00000000eb180000,0x00000000eb300000)
 ParOldGen       total 288256K, used 278895K [0x00000000c0000000, 0x00000000d1980000, 0x00000000eab00000)
  object space 288256K, 96% used [0x00000000c0000000,0x00000000d105bf68,0x00000000d1980000)
 Metaspace       used 82739K, committed 84160K, reserved 1179648K
  class space    used 8680K, committed 9216K, reserved 1048576K
}
Event: 32.866 GC heap before
{Heap before GC invocations=274 (full 9):
 PSYoungGen      total 7168K, used 7072K [0x00000000eab00000, 0x00000000eb480000, 0x0000000100000000)
  eden space 6144K, 100% used [0x00000000eab00000,0x00000000eb100000,0x00000000eb100000)
  from space 1024K, 90% used [0x00000000eb380000,0x00000000eb468000,0x00000000eb480000)
  to   space 1536K, 0% used [0x00000000eb180000,0x00000000eb180000,0x00000000eb300000)
 ParOldGen       total 288256K, used 278895K [0x00000000c0000000, 0x00000000d1980000, 0x00000000eab00000)
  object space 288256K, 96% used [0x00000000c0000000,0x00000000d105bf68,0x00000000d1980000)
 Metaspace       used 82739K, committed 84160K, reserved 1179648K
  class space    used 8680K, committed 9216K, reserved 1048576K
}
Event: 32.866 GC heap after
{Heap after GC invocations=274 (full 9):
 PSYoungGen      total 7680K, used 737K [0x00000000eab00000, 0x00000000eb400000, 0x0000000100000000)
  eden space 6144K, 0% used [0x00000000eab00000,0x00000000eab00000,0x00000000eb100000)
  from space 1536K, 48% used [0x00000000eb180000,0x00000000eb238628,0x00000000eb300000)
  to   space 1024K, 0% used [0x00000000eb300000,0x00000000eb300000,0x00000000eb400000)
 ParOldGen       total 288256K, used 279271K [0x00000000c0000000, 0x00000000d1980000, 0x00000000eab00000)
  object space 288256K, 96% used [0x00000000c0000000,0x00000000d10b9f68,0x00000000d1980000)
 Metaspace       used 82739K, committed 84160K, reserved 1179648K
  class space    used 8680K, committed 9216K, reserved 1048576K
}
Event: 32.872 GC heap before
{Heap before GC invocations=275 (full 9):
 PSYoungGen      total 7680K, used 6881K [0x00000000eab00000, 0x00000000eb400000, 0x0000000100000000)
  eden space 6144K, 100% used [0x00000000eab00000,0x00000000eb100000,0x00000000eb100000)
  from space 1536K, 48% used [0x00000000eb180000,0x00000000eb238628,0x00000000eb300000)
  to   space 1024K, 0% used [0x00000000eb300000,0x00000000eb300000,0x00000000eb400000)
 ParOldGen       total 288256K, used 279271K [0x00000000c0000000, 0x00000000d1980000, 0x00000000eab00000)
  object space 288256K, 96% used [0x00000000c0000000,0x00000000d10b9f68,0x00000000d1980000)
 Metaspace       used 82739K, committed 84160K, reserved 1179648K
  class space    used 8680K, committed 9216K, reserved 1048576K
}
Event: 32.873 GC heap after
{Heap after GC invocations=275 (full 9):
 PSYoungGen      total 6144K, used 1024K [0x00000000eab00000, 0x00000000eb800000, 0x0000000100000000)
  eden space 5120K, 0% used [0x00000000eab00000,0x00000000eab00000,0x00000000eb000000)
  from space 1024K, 100% used [0x00000000eb300000,0x00000000eb400000,0x00000000eb400000)
  to   space 3072K, 0% used [0x00000000eb000000,0x00000000eb000000,0x00000000eb300000)
 ParOldGen       total 288256K, used 280907K [0x00000000c0000000, 0x00000000d1980000, 0x00000000eab00000)
  object space 288256K, 97% used [0x00000000c0000000,0x00000000d1252c68,0x00000000d1980000)
 Metaspace       used 82739K, committed 84160K, reserved 1179648K
  class space    used 8680K, committed 9216K, reserved 1048576K
}
Event: 32.881 GC heap before
{Heap before GC invocations=276 (full 9):
 PSYoungGen      total 6144K, used 6144K [0x00000000eab00000, 0x00000000eb800000, 0x0000000100000000)
  eden space 5120K, 100% used [0x00000000eab00000,0x00000000eb000000,0x00000000eb000000)
  from space 1024K, 100% used [0x00000000eb300000,0x00000000eb400000,0x00000000eb400000)
  to   space 3072K, 0% used [0x00000000eb000000,0x00000000eb000000,0x00000000eb300000)
 ParOldGen       total 288256K, used 280907K [0x00000000c0000000, 0x00000000d1980000, 0x00000000eab00000)
  object space 288256K, 97% used [0x00000000c0000000,0x00000000d1252c68,0x00000000d1980000)
 Metaspace       used 82739K, committed 84160K, reserved 1179648K
  class space    used 8680K, committed 9216K, reserved 1048576K
}
Event: 32.882 GC heap after
{Heap after GC invocations=276 (full 9):
 PSYoungGen      total 7680K, used 2080K [0x00000000eab00000, 0x00000000eb500000, 0x0000000100000000)
  eden space 5120K, 0% used [0x00000000eab00000,0x00000000eab00000,0x00000000eb000000)
  from space 2560K, 81% used [0x00000000eb000000,0x00000000eb208000,0x00000000eb280000)
  to   space 2560K, 0% used [0x00000000eb280000,0x00000000eb280000,0x00000000eb500000)
 ParOldGen       total 288256K, used 281688K [0x00000000c0000000, 0x00000000d1980000, 0x00000000eab00000)
  object space 288256K, 97% used [0x00000000c0000000,0x00000000d1316348,0x00000000d1980000)
 Metaspace       used 82739K, committed 84160K, reserved 1179648K
  class space    used 8680K, committed 9216K, reserved 1048576K
}
Event: 32.888 GC heap before
{Heap before GC invocations=277 (full 9):
 PSYoungGen      total 7680K, used 7200K [0x00000000eab00000, 0x00000000eb500000, 0x0000000100000000)
  eden space 5120K, 100% used [0x00000000eab00000,0x00000000eb000000,0x00000000eb000000)
  from space 2560K, 81% used [0x00000000eb000000,0x00000000eb208000,0x00000000eb280000)
  to   space 2560K, 0% used [0x00000000eb280000,0x00000000eb280000,0x00000000eb500000)
 ParOldGen       total 288256K, used 281688K [0x00000000c0000000, 0x00000000d1980000, 0x00000000eab00000)
  object space 288256K, 97% used [0x00000000c0000000,0x00000000d1316348,0x00000000d1980000)
 Metaspace       used 82739K, committed 84160K, reserved 1179648K
  class space    used 8680K, committed 9216K, reserved 1048576K
}
Event: 32.889 GC heap after
{Heap after GC invocations=277 (full 9):
 PSYoungGen      total 7680K, used 2272K [0x00000000eab00000, 0x00000000eb600000, 0x0000000100000000)
  eden space 5120K, 0% used [0x00000000eab00000,0x00000000eab00000,0x00000000eb000000)
  from space 2560K, 88% used [0x00000000eb280000,0x00000000eb4b8000,0x00000000eb500000)
  to   space 2560K, 0% used [0x00000000eb000000,0x00000000eb000000,0x00000000eb280000)
 ParOldGen       total 288256K, used 283214K [0x00000000c0000000, 0x00000000d1980000, 0x00000000eab00000)
  object space 288256K, 98% used [0x00000000c0000000,0x00000000d1493a28,0x00000000d1980000)
 Metaspace       used 82739K, committed 84160K, reserved 1179648K
  class space    used 8680K, committed 9216K, reserved 1048576K
}
Event: 32.914 GC heap before
{Heap before GC invocations=278 (full 9):
 PSYoungGen      total 7680K, used 7392K [0x00000000eab00000, 0x00000000eb600000, 0x0000000100000000)
  eden space 5120K, 100% used [0x00000000eab00000,0x00000000eb000000,0x00000000eb000000)
  from space 2560K, 88% used [0x00000000eb280000,0x00000000eb4b8000,0x00000000eb500000)
  to   space 2560K, 0% used [0x00000000eb000000,0x00000000eb000000,0x00000000eb280000)
 ParOldGen       total 288256K, used 283214K [0x00000000c0000000, 0x00000000d1980000, 0x00000000eab00000)
  object space 288256K, 98% used [0x00000000c0000000,0x00000000d1493a28,0x00000000d1980000)
 Metaspace       used 82741K, committed 84160K, reserved 1179648K
  class space    used 8680K, committed 9216K, reserved 1048576K
}
Event: 32.916 GC heap after
{Heap after GC invocations=278 (full 9):
 PSYoungGen      total 6144K, used 736K [0x00000000eab00000, 0x00000000eb300000, 0x0000000100000000)
  eden space 5120K, 0% used [0x00000000eab00000,0x00000000eab00000,0x00000000eb000000)
  from space 1024K, 71% used [0x00000000eb000000,0x00000000eb0b8000,0x00000000eb100000)
  to   space 1536K, 0% used [0x00000000eb180000,0x00000000eb180000,0x00000000eb300000)
 ParOldGen       total 288256K, used 284988K [0x00000000c0000000, 0x00000000d1980000, 0x00000000eab00000)
  object space 288256K, 98% used [0x00000000c0000000,0x00000000d164f108,0x00000000d1980000)
 Metaspace       used 82741K, committed 84160K, reserved 1179648K
  class space    used 8680K, committed 9216K, reserved 1048576K
}
Event: 32.923 GC heap before
{Heap before GC invocations=279 (full 9):
 PSYoungGen      total 6144K, used 5850K [0x00000000eab00000, 0x00000000eb300000, 0x0000000100000000)
  eden space 5120K, 99% used [0x00000000eab00000,0x00000000eaffeb18,0x00000000eb000000)
  from space 1024K, 71% used [0x00000000eb000000,0x00000000eb0b8000,0x00000000eb100000)
  to   space 1536K, 0% used [0x00000000eb180000,0x00000000eb180000,0x00000000eb300000)
 ParOldGen       total 288256K, used 284988K [0x00000000c0000000, 0x00000000d1980000, 0x00000000eab00000)
  object space 288256K, 98% used [0x00000000c0000000,0x00000000d164f108,0x00000000d1980000)
 Metaspace       used 82741K, committed 84160K, reserved 1179648K
  class space    used 8680K, committed 9216K, reserved 1048576K
}
Event: 32.925 GC heap after
{Heap after GC invocations=279 (full 9):
 PSYoungGen      total 5632K, used 1520K [0x00000000eab00000, 0x00000000eb600000, 0x0000000100000000)
  eden space 4096K, 0% used [0x00000000eab00000,0x00000000eab00000,0x00000000eaf00000)
  from space 1536K, 98% used [0x00000000eb180000,0x00000000eb2fc010,0x00000000eb300000)
  to   space 2560K, 0% used [0x00000000eaf00000,0x00000000eaf00000,0x00000000eb180000)
 ParOldGen       total 288256K, used 285647K [0x00000000c0000000, 0x00000000d1980000, 0x00000000eab00000)
  object space 288256K, 99% used [0x00000000c0000000,0x00000000d16f3c78,0x00000000d1980000)
 Metaspace       used 82741K, committed 84160K, reserved 1179648K
  class space    used 8680K, committed 9216K, reserved 1048576K
}
Event: 32.931 GC heap before
{Heap before GC invocations=280 (full 9):
 PSYoungGen      total 5632K, used 5616K [0x00000000eab00000, 0x00000000eb600000, 0x0000000100000000)
  eden space 4096K, 100% used [0x00000000eab00000,0x00000000eaf00000,0x00000000eaf00000)
  from space 1536K, 98% used [0x00000000eb180000,0x00000000eb2fc010,0x00000000eb300000)
  to   space 2560K, 0% used [0x00000000eaf00000,0x00000000eaf00000,0x00000000eb180000)
 ParOldGen       total 288256K, used 285647K [0x00000000c0000000, 0x00000000d1980000, 0x00000000eab00000)
  object space 288256K, 99% used [0x00000000c0000000,0x00000000d16f3c78,0x00000000d1980000)
 Metaspace       used 82741K, committed 84160K, reserved 1179648K
  class space    used 8680K, committed 9216K, reserved 1048576K
}
Event: 32.932 GC heap after
{Heap after GC invocations=280 (full 9):
 PSYoungGen      total 6656K, used 1664K [0x00000000eab00000, 0x00000000eb400000, 0x0000000100000000)
  eden space 4096K, 0% used [0x00000000eab00000,0x00000000eab00000,0x00000000eaf00000)
  from space 2560K, 65% used [0x00000000eaf00000,0x00000000eb0a0000,0x00000000eb180000)
  to   space 2048K, 0% used [0x00000000eb200000,0x00000000eb200000,0x00000000eb400000)
 ParOldGen       total 288256K, used 286988K [0x00000000c0000000, 0x00000000d1980000, 0x00000000eab00000)
  object space 288256K, 99% used [0x00000000c0000000,0x00000000d1843358,0x00000000d1980000)
 Metaspace       used 82741K, committed 84160K, reserved 1179648K
  class space    used 8680K, committed 9216K, reserved 1048576K
}
Event: 32.932 GC heap before
{Heap before GC invocations=281 (full 10):
 PSYoungGen      total 6656K, used 1664K [0x00000000eab00000, 0x00000000eb400000, 0x0000000100000000)
  eden space 4096K, 0% used [0x00000000eab00000,0x00000000eab00000,0x00000000eaf00000)
  from space 2560K, 65% used [0x00000000eaf00000,0x00000000eb0a0000,0x00000000eb180000)
  to   space 2048K, 0% used [0x00000000eb200000,0x00000000eb200000,0x00000000eb400000)
 ParOldGen       total 288256K, used 286988K [0x00000000c0000000, 0x00000000d1980000, 0x00000000eab00000)
  object space 288256K, 99% used [0x00000000c0000000,0x00000000d1843358,0x00000000d1980000)
 Metaspace       used 82741K, committed 84160K, reserved 1179648K
  class space    used 8680K, committed 9216K, reserved 1048576K
}

