# JRE version: OpenJDK Runtime Environment Temurin-17.0.10+7 (17.0.10+7) (build 17.0.10+7)
# Java VM: OpenJDK 64-Bit Server VM Temurin-17.0.10+7 (17.0.10+7, mixed mode, tiered, compressed oops, compressed class ptrs, parallel gc, windows-amd64)
GC Precious Log:
 CPUs: 16 total, 16 available
 Memory: 32696M
 Large Page Support: Disabled
 NUMA Support: Disabled
 Compressed Oops: Enabled (32-bit)
 Alignments: Space 512K, Generation 512K, Heap 2M
 Heap Min Capacity: 100M
 Heap Initial Capacity: 100M
 Heap Max Capacity: 1G
 Pre-touch: Disabled
 Parallel Workers: 13
Heap:
 PSYoungGen      total 14848K, used 6256K [0x00000000eab00000, 0x00000000ebc80000, 0x0000000100000000)
  eden space 13312K, 35% used [0x00000000eab00000,0x00000000eaf9c738,0x00000000eb800000)
  from space 1536K, 99% used [0x00000000ebb00000,0x00000000ebc7fa08,0x00000000ebc80000)
  to   space 2048K, 0% used [0x00000000eb880000,0x00000000eb880000,0x00000000eba80000)
 ParOldGen       total 129024K, used 111919K [0x00000000c0000000, 0x00000000c7e00000, 0x00000000eab00000)
  object space 129024K, 86% used [0x00000000c0000000,0x00000000c6d4bc50,0x00000000c7e00000)
 Metaspace       used 71754K, committed 73088K, reserved 1114112K
  class space    used 7656K, committed 8256K, reserved 1048576K
GC Heap History (20 events):
Event: 21.644 GC heap before
{Heap before GC invocations=96 (full 5):
 PSYoungGen      total 13824K, used 13810K [0x00000000eab00000, 0x00000000ebd80000, 0x0000000100000000)
  eden space 13312K, 100% used [0x00000000eab00000,0x00000000eb800000,0x00000000eb800000)
  from space 512K, 97% used [0x00000000eba80000,0x00000000ebafc9e0,0x00000000ebb00000)
  to   space 2560K, 0% used [0x00000000eb800000,0x00000000eb800000,0x00000000eba80000)
 ParOldGen       total 122368K, used 119625K [0x00000000c0000000, 0x00000000c7780000, 0x00000000eab00000)
  object space 122368K, 97% used [0x00000000c0000000,0x00000000c74d25d8,0x00000000c7780000)
 Metaspace       used 69809K, committed 71168K, reserved 1114112K
  class space    used 7438K, committed 8000K, reserved 1048576K
}
Event: 21.645 GC heap after
{Heap after GC invocations=96 (full 5):
 PSYoungGen      total 15872K, used 1376K [0x00000000eab00000, 0x00000000ebe00000, 0x0000000100000000)
  eden space 13312K, 0% used [0x00000000eab00000,0x00000000eab00000,0x00000000eb800000)
  from space 2560K, 53% used [0x00000000eb800000,0x00000000eb958000,0x00000000eba80000)
  to   space 2048K, 0% used [0x00000000ebc00000,0x00000000ebc00000,0x00000000ebe00000)
 ParOldGen       total 122368K, used 120107K [0x00000000c0000000, 0x00000000c7780000, 0x00000000eab00000)
  object space 122368K, 98% used [0x00000000c0000000,0x00000000c754afb8,0x00000000c7780000)
 Metaspace       used 69809K, committed 71168K, reserved 1114112K
  class space    used 7438K, committed 8000K, reserved 1048576K
}
Event: 23.278 GC heap before
{Heap before GC invocations=97 (full 5):
 PSYoungGen      total 15872K, used 14688K [0x00000000eab00000, 0x00000000ebe00000, 0x0000000100000000)
  eden space 13312K, 100% used [0x00000000eab00000,0x00000000eb800000,0x00000000eb800000)
  from space 2560K, 53% used [0x00000000eb800000,0x00000000eb958000,0x00000000eba80000)
  to   space 2048K, 0% used [0x00000000ebc00000,0x00000000ebc00000,0x00000000ebe00000)
 ParOldGen       total 122368K, used 120107K [0x00000000c0000000, 0x00000000c7780000, 0x00000000eab00000)
  object space 122368K, 98% used [0x00000000c0000000,0x00000000c754afb8,0x00000000c7780000)
 Metaspace       used 69854K, committed 71168K, reserved 1114112K
  class space    used 7443K, committed 8000K, reserved 1048576K
}
Event: 23.279 GC heap after
{Heap after GC invocations=97 (full 5):
 PSYoungGen      total 14336K, used 781K [0x00000000eab00000, 0x00000000ebd00000, 0x0000000100000000)
  eden space 13312K, 0% used [0x00000000eab00000,0x00000000eab00000,0x00000000eb800000)
  from space 1024K, 76% used [0x00000000ebc00000,0x00000000ebcc3670,0x00000000ebd00000)
  to   space 1536K, 0% used [0x00000000eba00000,0x00000000eba00000,0x00000000ebb80000)
 ParOldGen       total 122368K, used 121347K [0x00000000c0000000, 0x00000000c7780000, 0x00000000eab00000)
  object space 122368K, 99% used [0x00000000c0000000,0x00000000c7680fb8,0x00000000c7780000)
 Metaspace       used 69854K, committed 71168K, reserved 1114112K
  class space    used 7443K, committed 8000K, reserved 1048576K
}
Event: 23.279 GC heap before
{Heap before GC invocations=98 (full 6):
 PSYoungGen      total 14336K, used 781K [0x00000000eab00000, 0x00000000ebd00000, 0x0000000100000000)
  eden space 13312K, 0% used [0x00000000eab00000,0x00000000eab00000,0x00000000eb800000)
  from space 1024K, 76% used [0x00000000ebc00000,0x00000000ebcc3670,0x00000000ebd00000)
  to   space 1536K, 0% used [0x00000000eba00000,0x00000000eba00000,0x00000000ebb80000)
 ParOldGen       total 122368K, used 121347K [0x00000000c0000000, 0x00000000c7780000, 0x00000000eab00000)
  object space 122368K, 99% used [0x00000000c0000000,0x00000000c7680fb8,0x00000000c7780000)
 Metaspace       used 69854K, committed 71168K, reserved 1114112K
  class space    used 7443K, committed 8000K, reserved 1048576K
}
Event: 23.337 GC heap after
{Heap after GC invocations=98 (full 6):
 PSYoungGen      total 13824K, used 0K [0x00000000eab00000, 0x00000000ebc80000, 0x0000000100000000)
  eden space 13312K, 0% used [0x00000000eab00000,0x00000000eab00000,0x00000000eb800000)
  from space 512K, 0% used [0x00000000eba00000,0x00000000eba00000,0x00000000eba80000)
  to   space 1536K, 0% used [0x00000000ebb00000,0x00000000ebb00000,0x00000000ebc80000)
 ParOldGen       total 129024K, used 103201K [0x00000000c0000000, 0x00000000c7e00000, 0x00000000eab00000)
  object space 129024K, 79% used [0x00000000c0000000,0x00000000c64c8700,0x00000000c7e00000)
 Metaspace       used 69854K, committed 71168K, reserved 1114112K
  class space    used 7443K, committed 8000K, reserved 1048576K
}
Event: 23.828 GC heap before
{Heap before GC invocations=99 (full 6):
 PSYoungGen      total 13824K, used 13274K [0x00000000eab00000, 0x00000000ebc80000, 0x0000000100000000)
  eden space 13312K, 99% used [0x00000000eab00000,0x00000000eb7f6900,0x00000000eb800000)
  from space 512K, 0% used [0x00000000eba00000,0x00000000eba00000,0x00000000eba80000)
  to   space 1536K, 0% used [0x00000000ebb00000,0x00000000ebb00000,0x00000000ebc80000)
 ParOldGen       total 129024K, used 103201K [0x00000000c0000000, 0x00000000c7e00000, 0x00000000eab00000)
  object space 129024K, 79% used [0x00000000c0000000,0x00000000c64c8700,0x00000000c7e00000)
 Metaspace       used 69947K, committed 71232K, reserved 1114112K
  class space    used 7454K, committed 8000K, reserved 1048576K
}
Event: 23.828 GC heap after
{Heap after GC invocations=99 (full 6):
 PSYoungGen      total 14848K, used 1050K [0x00000000eab00000, 0x00000000ebc80000, 0x0000000100000000)
  eden space 13312K, 0% used [0x00000000eab00000,0x00000000eab00000,0x00000000eb800000)
  from space 1536K, 68% used [0x00000000ebb00000,0x00000000ebc068e0,0x00000000ebc80000)
  to   space 1536K, 0% used [0x00000000eb980000,0x00000000eb980000,0x00000000ebb00000)
 ParOldGen       total 129024K, used 103209K [0x00000000c0000000, 0x00000000c7e00000, 0x00000000eab00000)
  object space 129024K, 79% used [0x00000000c0000000,0x00000000c64ca700,0x00000000c7e00000)
 Metaspace       used 69947K, committed 71232K, reserved 1114112K
  class space    used 7454K, committed 8000K, reserved 1048576K
}
Event: 23.955 GC heap before
{Heap before GC invocations=100 (full 6):
 PSYoungGen      total 14848K, used 14362K [0x00000000eab00000, 0x00000000ebc80000, 0x0000000100000000)
  eden space 13312K, 100% used [0x00000000eab00000,0x00000000eb800000,0x00000000eb800000)
  from space 1536K, 68% used [0x00000000ebb00000,0x00000000ebc068e0,0x00000000ebc80000)
  to   space 1536K, 0% used [0x00000000eb980000,0x00000000eb980000,0x00000000ebb00000)
 ParOldGen       total 129024K, used 103209K [0x00000000c0000000, 0x00000000c7e00000, 0x00000000eab00000)
  object space 129024K, 79% used [0x00000000c0000000,0x00000000c64ca700,0x00000000c7e00000)
 Metaspace       used 70692K, committed 72064K, reserved 1114112K
  class space    used 7517K, committed 8128K, reserved 1048576K
}
Event: 23.957 GC heap after
{Heap after GC invocations=100 (full 6):
 PSYoungGen      total 14848K, used 1516K [0x00000000eab00000, 0x00000000ec100000, 0x0000000100000000)
  eden space 13312K, 0% used [0x00000000eab00000,0x00000000eab00000,0x00000000eb800000)
  from space 1536K, 98% used [0x00000000eb980000,0x00000000ebafb300,0x00000000ebb00000)
  to   space 4608K, 0% used [0x00000000ebc80000,0x00000000ebc80000,0x00000000ec100000)
 ParOldGen       total 129024K, used 105667K [0x00000000c0000000, 0x00000000c7e00000, 0x00000000eab00000)
  object space 129024K, 81% used [0x00000000c0000000,0x00000000c6730cb0,0x00000000c7e00000)
 Metaspace       used 70692K, committed 72064K, reserved 1114112K
  class space    used 7517K, committed 8128K, reserved 1048576K
}
Event: 24.111 GC heap before
{Heap before GC invocations=101 (full 6):
 PSYoungGen      total 14848K, used 14828K [0x00000000eab00000, 0x00000000ec100000, 0x0000000100000000)
  eden space 13312K, 100% used [0x00000000eab00000,0x00000000eb800000,0x00000000eb800000)
  from space 1536K, 98% used [0x00000000eb980000,0x00000000ebafb300,0x00000000ebb00000)
  to   space 4608K, 0% used [0x00000000ebc80000,0x00000000ebc80000,0x00000000ec100000)
 ParOldGen       total 129024K, used 105667K [0x00000000c0000000, 0x00000000c7e00000, 0x00000000eab00000)
  object space 129024K, 81% used [0x00000000c0000000,0x00000000c6730cb0,0x00000000c7e00000)
 Metaspace       used 71323K, committed 72640K, reserved 1114112K
  class space    used 7619K, committed 8192K, reserved 1048576K
}
Event: 24.114 GC heap after
{Heap after GC invocations=101 (full 6):
 PSYoungGen      total 15360K, used 1584K [0x00000000eab00000, 0x00000000ebe80000, 0x0000000100000000)
  eden space 13312K, 0% used [0x00000000eab00000,0x00000000eab00000,0x00000000eb800000)
  from space 2048K, 77% used [0x00000000ebc80000,0x00000000ebe0c010,0x00000000ebe80000)
  to   space 2560K, 0% used [0x00000000eb980000,0x00000000eb980000,0x00000000ebc00000)
 ParOldGen       total 129024K, used 107110K [0x00000000c0000000, 0x00000000c7e00000, 0x00000000eab00000)
  object space 129024K, 83% used [0x00000000c0000000,0x00000000c6899860,0x00000000c7e00000)
 Metaspace       used 71323K, committed 72640K, reserved 1114112K
  class space    used 7619K, committed 8192K, reserved 1048576K
}
Event: 24.828 GC heap before
{Heap before GC invocations=102 (full 6):
 PSYoungGen      total 15360K, used 14896K [0x00000000eab00000, 0x00000000ebe80000, 0x0000000100000000)
  eden space 13312K, 100% used [0x00000000eab00000,0x00000000eb800000,0x00000000eb800000)
  from space 2048K, 77% used [0x00000000ebc80000,0x00000000ebe0c010,0x00000000ebe80000)
  to   space 2560K, 0% used [0x00000000eb980000,0x00000000eb980000,0x00000000ebc00000)
 ParOldGen       total 129024K, used 107110K [0x00000000c0000000, 0x00000000c7e00000, 0x00000000eab00000)
  object space 129024K, 83% used [0x00000000c0000000,0x00000000c6899860,0x00000000c7e00000)
 Metaspace       used 71522K, committed 72832K, reserved 1114112K
  class space    used 7635K, committed 8192K, reserved 1048576K
}
Event: 24.830 GC heap after
{Heap after GC invocations=102 (full 6):
 PSYoungGen      total 15872K, used 2549K [0x00000000eab00000, 0x00000000ebe00000, 0x0000000100000000)
  eden space 13312K, 0% used [0x00000000eab00000,0x00000000eab00000,0x00000000eb800000)
  from space 2560K, 99% used [0x00000000eb980000,0x00000000ebbfd5c8,0x00000000ebc00000)
  to   space 2048K, 0% used [0x00000000ebc00000,0x00000000ebc00000,0x00000000ebe00000)
 ParOldGen       total 129024K, used 107366K [0x00000000c0000000, 0x00000000c7e00000, 0x00000000eab00000)
  object space 129024K, 83% used [0x00000000c0000000,0x00000000c68d9ad8,0x00000000c7e00000)
 Metaspace       used 71522K, committed 72832K, reserved 1114112K
  class space    used 7635K, committed 8192K, reserved 1048576K
}
Event: 24.839 GC heap before
{Heap before GC invocations=103 (full 6):
 PSYoungGen      total 15872K, used 15861K [0x00000000eab00000, 0x00000000ebe00000, 0x0000000100000000)
  eden space 13312K, 100% used [0x00000000eab00000,0x00000000eb800000,0x00000000eb800000)
  from space 2560K, 99% used [0x00000000eb980000,0x00000000ebbfd5c8,0x00000000ebc00000)
  to   space 2048K, 0% used [0x00000000ebc00000,0x00000000ebc00000,0x00000000ebe00000)
 ParOldGen       total 129024K, used 107366K [0x00000000c0000000, 0x00000000c7e00000, 0x00000000eab00000)
  object space 129024K, 83% used [0x00000000c0000000,0x00000000c68d9ad8,0x00000000c7e00000)
 Metaspace       used 71522K, committed 72832K, reserved 1114112K
  class space    used 7635K, committed 8192K, reserved 1048576K
}
Event: 24.841 GC heap after
{Heap after GC invocations=103 (full 6):
 PSYoungGen      total 15360K, used 1888K [0x00000000eab00000, 0x00000000ebe00000, 0x0000000100000000)
  eden space 13312K, 0% used [0x00000000eab00000,0x00000000eab00000,0x00000000eb800000)
  from space 2048K, 92% used [0x00000000ebc00000,0x00000000ebdd8000,0x00000000ebe00000)
  to   space 2560K, 0% used [0x00000000eb900000,0x00000000eb900000,0x00000000ebb80000)
 ParOldGen       total 129024K, used 109943K [0x00000000c0000000, 0x00000000c7e00000, 0x00000000eab00000)
  object space 129024K, 85% used [0x00000000c0000000,0x00000000c6b5dc40,0x00000000c7e00000)
 Metaspace       used 71522K, committed 72832K, reserved 1114112K
  class space    used 7635K, committed 8192K, reserved 1048576K
}
Event: 24.969 GC heap before
{Heap before GC invocations=104 (full 6):
 PSYoungGen      total 15360K, used 15200K [0x00000000eab00000, 0x00000000ebe00000, 0x0000000100000000)
  eden space 13312K, 100% used [0x00000000eab00000,0x00000000eb800000,0x00000000eb800000)
  from space 2048K, 92% used [0x00000000ebc00000,0x00000000ebdd8000,0x00000000ebe00000)
  to   space 2560K, 0% used [0x00000000eb900000,0x00000000eb900000,0x00000000ebb80000)
 ParOldGen       total 129024K, used 109943K [0x00000000c0000000, 0x00000000c7e00000, 0x00000000eab00000)
  object space 129024K, 85% used [0x00000000c0000000,0x00000000c6b5dc40,0x00000000c7e00000)
 Metaspace       used 71523K, committed 72832K, reserved 1114112K
  class space    used 7635K, committed 8192K, reserved 1048576K
}
Event: 24.971 GC heap after
{Heap after GC invocations=104 (full 6):
 PSYoungGen      total 14848K, used 1193K [0x00000000eab00000, 0x00000000ebc80000, 0x0000000100000000)
  eden space 13312K, 0% used [0x00000000eab00000,0x00000000eab00000,0x00000000eb800000)
  from space 1536K, 77% used [0x00000000eb900000,0x00000000eba2a600,0x00000000eba80000)
  to   space 1536K, 0% used [0x00000000ebb00000,0x00000000ebb00000,0x00000000ebc80000)
 ParOldGen       total 129024K, used 111679K [0x00000000c0000000, 0x00000000c7e00000, 0x00000000eab00000)
  object space 129024K, 86% used [0x00000000c0000000,0x00000000c6d0fc40,0x00000000c7e00000)
 Metaspace       used 71523K, committed 72832K, reserved 1114112K
  class space    used 7635K, committed 8192K, reserved 1048576K
}
Event: 25.326 GC heap before
{Heap before GC invocations=105 (full 6):
 PSYoungGen      total 14848K, used 14505K [0x00000000eab00000, 0x00000000ebc80000, 0x0000000100000000)
  eden space 13312K, 100% used [0x00000000eab00000,0x00000000eb800000,0x00000000eb800000)
  from space 1536K, 77% used [0x00000000eb900000,0x00000000eba2a600,0x00000000eba80000)
  to   space 1536K, 0% used [0x00000000ebb00000,0x00000000ebb00000,0x00000000ebc80000)
 ParOldGen       total 129024K, used 111679K [0x00000000c0000000, 0x00000000c7e00000, 0x00000000eab00000)
  object space 129024K, 86% used [0x00000000c0000000,0x00000000c6d0fc40,0x00000000c7e00000)
 Metaspace       used 71742K, committed 73088K, reserved 1114112K
  class space    used 7655K, committed 8256K, reserved 1048576K
}
Event: 25.328 GC heap after
{Heap after GC invocations=105 (full 6):
 PSYoungGen      total 14848K, used 1534K [0x00000000eab00000, 0x00000000ebc80000, 0x0000000100000000)
  eden space 13312K, 0% used [0x00000000eab00000,0x00000000eab00000,0x00000000eb800000)
  from space 1536K, 99% used [0x00000000ebb00000,0x00000000ebc7fa08,0x00000000ebc80000)
  to   space 2048K, 0% used [0x00000000eb880000,0x00000000eb880000,0x00000000eba80000)
 ParOldGen       total 129024K, used 111919K [0x00000000c0000000, 0x00000000c7e00000, 0x00000000eab00000)
  object space 129024K, 86% used [0x00000000c0000000,0x00000000c6d4bc50,0x00000000c7e00000)
 Metaspace       used 71742K, committed 73088K, reserved 1114112K
  class space    used 7655K, committed 8256K, reserved 1048576K
}

